\BOOKMARK [1][-]{section.1}{\376\377\000I\000n\000t\000r\000o\000d\000u\000c\000c\000i\000\363\000n}{}% 1
\BOOKMARK [1][-]{section.2}{\376\377\000T\000e\000o\000r\000\355\000a\000\040\000d\000e\000\040\000l\000o\000s\000\040\000C\000\363\000d\000i\000g\000o\000s\000\040\000B\000C\000D\000\040\000y\000\040\000E\000x\000c\000e\000s\000o\000\040\0003}{}% 2
\BOOKMARK [2][-]{subsection.2.1}{\376\377\000C\000\363\000d\000i\000g\000o\000\040\000B\000C\000D}{section.2}% 3
\BOOKMARK [2][-]{subsection.2.2}{\376\377\000C\000\363\000d\000i\000g\000o\000\040\000E\000x\000c\000e\000s\000o\000\040\0003}{section.2}% 4
\BOOKMARK [1][-]{section.3}{\376\377\000C\000o\000n\000v\000e\000r\000s\000o\000r\000\040\000d\000e\000\040\000C\000\363\000d\000i\000g\000o\000\040\000B\000C\000D\000\040\000a\000\040\000E\000x\000c\000e\000s\000o\000\040\0003\000:\000\040\000D\000i\000s\000e\000\361\000o\000,\000\040\000S\000i\000m\000p\000l\000i\000f\000i\000c\000a\000c\000i\000\363\000n\000,\000\040\000S\000i\000m\000u\000l\000a\000c\000i\000\363\000n\000\040\000e\000\040\000I\000m\000p\000l\000e\000m\000e\000n\000t\000a\000c\000i\000\363\000n}{}% 5
\BOOKMARK [2][-]{subsection.3.1}{\376\377\000D\000i\000s\000e\000\361\000o}{section.3}% 6
\BOOKMARK [2][-]{subsection.3.2}{\376\377\000T\000a\000b\000l\000a\000\040\000d\000e\000\040\000V\000e\000r\000d\000a\000d}{section.3}% 7
\BOOKMARK [2][-]{subsection.3.3}{\376\377\000T\000a\000b\000l\000a\000\040\000d\000e\000\040\000S\000a\000l\000i\000d\000a\000s}{section.3}% 8
\BOOKMARK [2][-]{subsection.3.4}{\376\377\000S\000i\000m\000p\000l\000i\000f\000i\000c\000a\000c\000i\000\363\000n}{section.3}% 9
\BOOKMARK [2][-]{subsection.3.5}{\376\377\000S\000i\000m\000u\000l\000a\000c\000i\000\363\000n}{section.3}% 10
\BOOKMARK [2][-]{subsection.3.6}{\376\377\000I\000m\000p\000l\000e\000m\000e\000n\000t\000a\000c\000i\000\363\000n}{section.3}% 11
\BOOKMARK [3][-]{subsubsection.3.6.1}{\376\377\000I\000m\000p\000l\000e\000m\000e\000n\000t\000a\000c\000i\000\363\000n\000\040\000p\000a\000r\000a\000\040\000A\0001}{subsection.3.6}% 12
\BOOKMARK [3][-]{subsubsection.3.6.2}{\376\377\000I\000m\000p\000l\000e\000m\000e\000n\000t\000a\000c\000i\000\363\000n\000\040\000p\000a\000r\000a\000\040\000B\0001}{subsection.3.6}% 13
\BOOKMARK [3][-]{subsubsection.3.6.3}{\376\377\000I\000m\000p\000l\000e\000m\000e\000n\000t\000a\000c\000i\000\363\000n\000\040\000p\000a\000r\000a\000\040\000C\0001}{subsection.3.6}% 14
\BOOKMARK [3][-]{subsubsection.3.6.4}{\376\377\000C\000a\000n\000t\000i\000d\000a\000d\000\040\000d\000e\000\040\000i\000n\000t\000e\000g\000r\000a\000d\000o\000s\000\040\000u\000t\000i\000l\000i\000z\000a\000d\000o\000s}{subsection.3.6}% 15
\BOOKMARK [3][-]{subsubsection.3.6.5}{\376\377\000C\000i\000r\000c\000u\000i\000t\000o\000\040\000a\000\040\000i\000m\000p\000l\000e\000m\000e\000n\000t\000a\000r}{subsection.3.6}% 16
\BOOKMARK [1][-]{section.4}{\376\377\000C\000o\000m\000p\000a\000r\000a\000d\000o\000r\000\040\000B\000i\000n\000a\000r\000i\000o\000:\000\040\000D\000i\000s\000e\000\361\000o\000,\000\040\000S\000i\000m\000p\000l\000i\000f\000i\000c\000a\000c\000i\000\363\000n\000,\000\040\000S\000i\000m\000u\000l\000a\000c\000i\000\363\000n\000\040\000e\000\040\000I\000m\000p\000l\000e\000m\000e\000n\000t\000a\000c\000i\000\363\000n}{}% 17
\BOOKMARK [2][-]{subsubsection.4.0.1}{\376\377\000D\000i\000s\000e\000\361\000o}{section.4}% 18
\BOOKMARK [3][-]{subsubsection.4.0.2}{\376\377\000T\000a\000b\000l\000a\000\040\000d\000e\000\040\000v\000e\000r\000d\000a\000d}{subsubsection.4.0.1}% 19
\BOOKMARK [3][-]{subsubsection.4.0.3}{\376\377\000S\000i\000m\000p\000l\000i\000f\000i\000c\000a\000c\000i\000\363\000n}{subsubsection.4.0.1}% 20
\BOOKMARK [3][-]{subsubsection.4.0.4}{\376\377\000S\000i\000m\000u\000l\000a\000c\000i\000\363\000n}{subsubsection.4.0.1}% 21
\BOOKMARK [3][-]{subsubsection.4.0.5}{\376\377\000I\000m\000p\000l\000e\000m\000e\000n\000t\000a\000c\000i\000\363\000n}{subsubsection.4.0.1}% 22
\BOOKMARK [3][-]{subsubsection.4.0.6}{\376\377\000I\000m\000p\000l\000e\000m\000e\000n\000t\000a\000c\000i\000\363\000n\000\040\000c\000o\000n\000\040\000c\000o\000m\000p\000u\000e\000r\000t\000a\000s\000\040\000N\000A\000N\000D\000\040\000y\000\040\000N\000O\000T}{subsubsection.4.0.1}% 23
\BOOKMARK [3][-]{subsubsection.4.0.7}{\376\377\000C\000i\000r\000c\000u\000i\000t\000o\000\040\000a\000\040\000i\000m\000p\000l\000e\000m\000e\000n\000t\000a\000r}{subsubsection.4.0.1}% 24
\BOOKMARK [1][-]{section*.4}{\376\377\000B\000i\000b\000l\000i\000o\000g\000r\000a\000f\000\355\000a}{}% 25
