\BOOKMARK [1][-]{section.1}{\376\377\000E\000j\000e\000r\000c\000i\000c\000i\000o\000\040\0001\000:\000\040\000L\000E\000D\000\040\000c\000o\000n\000t\000r\000o\000l\000a\000d\000o\000\040\000p\000o\000r\000\040\000u\000n\000a\000\040\000l\000l\000a\000v\000e}{}% 1
\BOOKMARK [2][-]{subsection.1.1}{\376\377\000C\000o\000n\000s\000i\000g\000n\000a}{section.1}% 2
\BOOKMARK [2][-]{subsection.1.2}{\376\377\000E\000n\000t\000r\000a\000d\000a\000s}{section.1}% 3
\BOOKMARK [2][-]{subsection.1.3}{\376\377\000S\000a\000l\000i\000d\000a\000s}{section.1}% 4
\BOOKMARK [2][-]{subsection.1.4}{\376\377\000T\000a\000b\000l\000a\000\040\000d\000e\000\040\000f\000u\000n\000c\000i\000o\000n\000a\000m\000i\000e\000n\000t\000o}{section.1}% 5
\BOOKMARK [2][-]{subsection.1.5}{\376\377\000A\000n\000\341\000l\000i\000s\000i\000s}{section.1}% 6
\BOOKMARK [2][-]{subsection.1.6}{\376\377\000C\000\363\000d\000i\000g\000o\000\040\000V\000e\000r\000i\000l\000o\000g}{section.1}% 7
\BOOKMARK [2][-]{subsection.1.7}{\376\377\000S\000\355\000n\000t\000e\000s\000i\000s\000\040\000y\000\040\000R\000T\000L}{section.1}% 8
\BOOKMARK [2][-]{subsection.1.8}{\376\377\000V\000e\000r\000i\000f\000i\000c\000a\000c\000i\000\363\000n}{section.1}% 9
\BOOKMARK [1][-]{section.2}{\376\377\000E\000j\000e\000r\000c\000i\000c\000i\000o\000\040\0002\000:\000\040\000C\000o\000m\000p\000u\000e\000r\000t\000a\000\040\000A\000N\000D}{}% 10
\BOOKMARK [2][-]{subsection.2.1}{\376\377\000C\000o\000n\000s\000i\000g\000n\000a}{section.2}% 11
\BOOKMARK [2][-]{subsection.2.2}{\376\377\000E\000n\000t\000r\000a\000d\000a\000s}{section.2}% 12
\BOOKMARK [2][-]{subsection.2.3}{\376\377\000S\000a\000l\000i\000d\000a}{section.2}% 13
\BOOKMARK [2][-]{subsection.2.4}{\376\377\000T\000a\000b\000l\000a\000\040\000d\000e\000\040\000v\000e\000r\000d\000a\000d}{section.2}% 14
\BOOKMARK [2][-]{subsection.2.5}{\376\377\000A\000n\000\341\000l\000i\000s\000i\000s}{section.2}% 15
\BOOKMARK [2][-]{subsection.2.6}{\376\377\000C\000\363\000d\000i\000g\000o\000\040\000V\000e\000r\000i\000l\000o\000g}{section.2}% 16
\BOOKMARK [2][-]{subsection.2.7}{\376\377\000S\000\355\000n\000t\000e\000s\000i\000s\000\040\000y\000\040\000R\000T\000L}{section.2}% 17
\BOOKMARK [2][-]{subsection.2.8}{\376\377\000V\000e\000r\000i\000f\000i\000c\000a\000c\000i\000\363\000n}{section.2}% 18
\BOOKMARK [1][-]{section.3}{\376\377\000E\000j\000e\000r\000c\000i\000c\000i\000o\000\040\0003\000:\000\040\000D\000e\000t\000e\000c\000t\000o\000r\000\040\000d\000e\000\040\000m\000a\000y\000o\000r\000\355\000a}{}% 19
\BOOKMARK [2][-]{subsection.3.1}{\376\377\000C\000o\000n\000s\000i\000g\000n\000a}{section.3}% 20
\BOOKMARK [2][-]{subsection.3.2}{\376\377\000E\000n\000t\000r\000a\000d\000a\000s}{section.3}% 21
\BOOKMARK [2][-]{subsection.3.3}{\376\377\000S\000a\000l\000i\000d\000a}{section.3}% 22
\BOOKMARK [2][-]{subsection.3.4}{\376\377\000T\000a\000b\000l\000a\000\040\000d\000e\000\040\000v\000e\000r\000d\000a\000d}{section.3}% 23
\BOOKMARK [2][-]{subsection.3.5}{\376\377\000A\000n\000\341\000l\000i\000s\000i\000s}{section.3}% 24
\BOOKMARK [2][-]{subsection.3.6}{\376\377\000C\000\363\000d\000i\000g\000o\000\040\000V\000e\000r\000i\000l\000o\000g}{section.3}% 25
\BOOKMARK [2][-]{subsection.3.7}{\376\377\000S\000\355\000n\000t\000e\000s\000i\000s\000\040\000y\000\040\000R\000T\000L}{section.3}% 26
\BOOKMARK [2][-]{subsection.3.8}{\376\377\000V\000e\000r\000i\000f\000i\000c\000a\000c\000i\000\363\000n}{section.3}% 27
\BOOKMARK [1][-]{section.4}{\376\377\000E\000j\000e\000r\000c\000i\000c\000i\000o\000\040\0004\000:\000\040\000S\000i\000s\000t\000e\000m\000a\000\040\000d\000e\000\040\000a\000l\000a\000r\000m\000a}{}% 28
\BOOKMARK [2][-]{subsection.4.1}{\376\377\000C\000o\000n\000s\000i\000g\000n\000a}{section.4}% 29
\BOOKMARK [2][-]{subsection.4.2}{\376\377\000E\000n\000t\000r\000a\000d\000a\000s}{section.4}% 30
\BOOKMARK [2][-]{subsection.4.3}{\376\377\000S\000a\000l\000i\000d\000a}{section.4}% 31
\BOOKMARK [2][-]{subsection.4.4}{\376\377\000T\000a\000b\000l\000a\000\040\000d\000e\000\040\000v\000e\000r\000d\000a\000d}{section.4}% 32
\BOOKMARK [2][-]{subsection.4.5}{\376\377\000A\000n\000\341\000l\000i\000s\000i\000s}{section.4}% 33
\BOOKMARK [2][-]{subsection.4.6}{\376\377\000C\000\363\000d\000i\000g\000o\000\040\000V\000e\000r\000i\000l\000o\000g}{section.4}% 34
\BOOKMARK [2][-]{subsection.4.7}{\376\377\000S\000\355\000n\000t\000e\000s\000i\000s\000\040\000y\000\040\000R\000T\000L}{section.4}% 35
\BOOKMARK [2][-]{subsection.4.8}{\376\377\000V\000e\000r\000i\000f\000i\000c\000a\000c\000i\000\363\000n}{section.4}% 36
\BOOKMARK [1][-]{section.5}{\376\377\000E\000j\000e\000r\000c\000i\000c\000i\000o\000\040\0005\000:\000\040\000C\000o\000n\000t\000r\000o\000l\000\040\000d\000e\000\040\000a\000c\000c\000e\000s\000o}{}% 37
\BOOKMARK [2][-]{subsection.5.1}{\376\377\000C\000o\000n\000s\000i\000g\000n\000a}{section.5}% 38
\BOOKMARK [2][-]{subsection.5.2}{\376\377\000E\000n\000t\000r\000a\000d\000a\000s}{section.5}% 39
\BOOKMARK [2][-]{subsection.5.3}{\376\377\000S\000a\000l\000i\000d\000a}{section.5}% 40
\BOOKMARK [2][-]{subsection.5.4}{\376\377\000T\000a\000b\000l\000a\000\040\000d\000e\000\040\000v\000e\000r\000d\000a\000d}{section.5}% 41
\BOOKMARK [2][-]{subsection.5.5}{\376\377\000A\000n\000\341\000l\000i\000s\000i\000s}{section.5}% 42
\BOOKMARK [2][-]{subsection.5.6}{\376\377\000C\000\363\000d\000i\000g\000o\000\040\000V\000e\000r\000i\000l\000o\000g}{section.5}% 43
\BOOKMARK [2][-]{subsection.5.7}{\376\377\000S\000\355\000n\000t\000e\000s\000i\000s\000\040\000y\000\040\000R\000T\000L}{section.5}% 44
\BOOKMARK [2][-]{subsection.5.8}{\376\377\000V\000e\000r\000i\000f\000i\000c\000a\000c\000i\000\363\000n}{section.5}% 45
\BOOKMARK [1][-]{section.6}{\376\377\000E\000j\000e\000r\000c\000i\000c\000i\000o\000\040\0006\000:\000\040\000C\000o\000n\000t\000r\000o\000l\000\040\000d\000e\000\040\000a\000c\000c\000e\000s\000o\000\040\000c\000o\000n\000\040\000s\000u\000p\000e\000r\000v\000i\000s\000o\000r}{}% 46
\BOOKMARK [2][-]{subsection.6.1}{\376\377\000C\000o\000n\000s\000i\000g\000n\000a}{section.6}% 47
\BOOKMARK [2][-]{subsection.6.2}{\376\377\000E\000n\000t\000r\000a\000d\000a\000s}{section.6}% 48
\BOOKMARK [2][-]{subsection.6.3}{\376\377\000S\000a\000l\000i\000d\000a}{section.6}% 49
\BOOKMARK [2][-]{subsection.6.4}{\376\377\000T\000a\000b\000l\000a\000\040\000d\000e\000\040\000v\000e\000r\000d\000a\000d}{section.6}% 50
\BOOKMARK [2][-]{subsection.6.5}{\376\377\000A\000n\000\341\000l\000i\000s\000i\000s}{section.6}% 51
\BOOKMARK [2][-]{subsection.6.6}{\376\377\000C\000\363\000d\000i\000g\000o\000\040\000V\000e\000r\000i\000l\000o\000g}{section.6}% 52
\BOOKMARK [2][-]{subsection.6.7}{\376\377\000S\000\355\000n\000t\000e\000s\000i\000s\000\040\000y\000\040\000R\000T\000L}{section.6}% 53
\BOOKMARK [2][-]{subsection.6.8}{\376\377\000V\000e\000r\000i\000f\000i\000c\000a\000c\000i\000\363\000n}{section.6}% 54
\BOOKMARK [1][-]{section.7}{\376\377\000E\000j\000e\000r\000c\000i\000c\000i\000o\000\040\0007\000:\000\040\000M\000u\000l\000t\000i\000p\000l\000e\000x\000o\000r\000\040\0002\000:\0001}{}% 55
\BOOKMARK [2][-]{subsection.7.1}{\376\377\000C\000o\000n\000s\000i\000g\000n\000a}{section.7}% 56
\BOOKMARK [2][-]{subsection.7.2}{\376\377\000E\000n\000t\000r\000a\000d\000a\000s}{section.7}% 57
\BOOKMARK [2][-]{subsection.7.3}{\376\377\000S\000a\000l\000i\000d\000a}{section.7}% 58
\BOOKMARK [2][-]{subsection.7.4}{\376\377\000F\000u\000n\000c\000i\000o\000n\000a\000m\000i\000e\000n\000t\000o}{section.7}% 59
\BOOKMARK [2][-]{subsection.7.5}{\376\377\000T\000a\000b\000l\000a\000\040\000d\000e\000\040\000v\000e\000r\000d\000a\000d\000\040\000c\000o\000m\000p\000l\000e\000t\000a}{section.7}% 60
\BOOKMARK [2][-]{subsection.7.6}{\376\377\000A\000n\000\341\000l\000i\000s\000i\000s}{section.7}% 61
\BOOKMARK [2][-]{subsection.7.7}{\376\377\000C\000\363\000d\000i\000g\000o\000\040\000V\000e\000r\000i\000l\000o\000g}{section.7}% 62
\BOOKMARK [2][-]{subsection.7.8}{\376\377\000S\000\355\000n\000t\000e\000s\000i\000s\000\040\000y\000\040\000R\000T\000L}{section.7}% 63
\BOOKMARK [2][-]{subsection.7.9}{\376\377\000V\000e\000r\000i\000f\000i\000c\000a\000c\000i\000\363\000n}{section.7}% 64
\BOOKMARK [1][-]{section.8}{\376\377\000E\000j\000e\000r\000c\000i\000c\000i\000o\000\040\0008\000:\000\040\000M\000u\000l\000t\000i\000p\000l\000e\000x\000o\000r\000\040\0004\000:\0001}{}% 65
\BOOKMARK [2][-]{subsection.8.1}{\376\377\000C\000o\000n\000s\000i\000g\000n\000a}{section.8}% 66
\BOOKMARK [2][-]{subsection.8.2}{\376\377\000E\000n\000t\000r\000a\000d\000a\000s}{section.8}% 67
\BOOKMARK [2][-]{subsection.8.3}{\376\377\000S\000a\000l\000i\000d\000a}{section.8}% 68
\BOOKMARK [2][-]{subsection.8.4}{\376\377\000F\000u\000n\000c\000i\000o\000n\000a\000m\000i\000e\000n\000t\000o}{section.8}% 69
\BOOKMARK [2][-]{subsection.8.5}{\376\377\000T\000a\000b\000l\000a\000\040\000d\000e\000\040\000v\000e\000r\000d\000a\000d}{section.8}% 70
\BOOKMARK [2][-]{subsection.8.6}{\376\377\000A\000n\000\341\000l\000i\000s\000i\000s}{section.8}% 71
\BOOKMARK [2][-]{subsection.8.7}{\376\377\000C\000\363\000d\000i\000g\000o\000\040\000V\000e\000r\000i\000l\000o\000g}{section.8}% 72
\BOOKMARK [2][-]{subsection.8.8}{\376\377\000S\000\355\000n\000t\000e\000s\000i\000s\000\040\000y\000\040\000R\000T\000L}{section.8}% 73
\BOOKMARK [2][-]{subsection.8.9}{\376\377\000V\000e\000r\000i\000f\000i\000c\000a\000c\000i\000\363\000n}{section.8}% 74
